[0.233s] DEBUG:colcon:Command line arguments: ['/usr/bin/colcon', 'build', '--packages-select', 'lifecycle', '--symlink']
[0.233s] DEBUG:colcon:Parsed command line arguments: Namespace(ament_cmake_args=None, base_paths='.', build_base='build', catkin_cmake_args=None, cmake_args=None, cmake_clean_cache=False, cmake_clean_first=False, cmake_force_configure=False, cmake_target=None, cmake_target_skip_unavailable=False, event_handlers=None, executor='parallel', ignore_user_meta=False, install_base='install', log_base='log', log_level=None, main=<bound method BuildVerb.main of <colcon_core.verb.build.BuildVerb object at 0x7f8667a404a8>>, merge_install=False, metas='./colcon.meta', packages_above=None, packages_end=None, packages_ignore=None, packages_ignore_regex=None, packages_select=['lifecycle'], packages_select_by_dep=None, packages_select_regex=None, packages_skip=None, packages_skip_by_dep=None, packages_skip_regex=None, packages_start=None, packages_up_to=None, parallel_workers=8, paths=None, symlink_install=True, test_result_base=None, verb_extension=<colcon_core.verb.build.BuildVerb object at 0x7f8667a404a8>, verb_name='build', verb_parser=<colcon_defaults.argument_parser.defaults.DefaultArgumentsDecorator object at 0x7f8667a407f0>)
[0.288s] Level 1:colcon.colcon_core.package_discovery:discover_packages(colcon_meta) check parameters
[0.289s] Level 1:colcon.colcon_core.package_discovery:discover_packages(recursive) check parameters
[0.289s] Level 1:colcon.colcon_core.package_discovery:discover_packages(ignore) check parameters
[0.289s] Level 1:colcon.colcon_core.package_discovery:discover_packages(path) check parameters
[0.289s] Level 1:colcon.colcon_core.package_discovery:discover_packages(recursive) discover
[0.289s] INFO:colcon.colcon_core.package_discovery:Crawling recursively for packages in '/home/alaa/ros2_ws/src/ros2/demos/lifecycle'
[0.289s] Level 1:colcon.colcon_core.package_identification:_identify(/home/alaa/ros2_ws/src/ros2/demos/lifecycle) by extensions ['ignore', 'ignore_ament_install']
[0.289s] Level 1:colcon.colcon_core.package_identification:_identify(/home/alaa/ros2_ws/src/ros2/demos/lifecycle) by extension 'ignore'
[0.289s] Level 1:colcon.colcon_core.package_identification:_identify(/home/alaa/ros2_ws/src/ros2/demos/lifecycle) by extension 'ignore_ament_install'
[0.289s] Level 1:colcon.colcon_core.package_identification:_identify(/home/alaa/ros2_ws/src/ros2/demos/lifecycle) by extensions ['colcon_pkg']
[0.290s] Level 1:colcon.colcon_core.package_identification:_identify(/home/alaa/ros2_ws/src/ros2/demos/lifecycle) by extension 'colcon_pkg'
[0.290s] Level 1:colcon.colcon_core.package_identification:_identify(/home/alaa/ros2_ws/src/ros2/demos/lifecycle) by extensions ['colcon_meta']
[0.290s] Level 1:colcon.colcon_core.package_identification:_identify(/home/alaa/ros2_ws/src/ros2/demos/lifecycle) by extension 'colcon_meta'
[0.290s] Level 1:colcon.colcon_core.package_identification:_identify(/home/alaa/ros2_ws/src/ros2/demos/lifecycle) by extensions ['ros']
[0.290s] Level 1:colcon.colcon_core.package_identification:_identify(/home/alaa/ros2_ws/src/ros2/demos/lifecycle) by extension 'ros'
[0.307s] DEBUG:colcon.colcon_core.package_identification:Package '/home/alaa/ros2_ws/src/ros2/demos/lifecycle' with type 'ros.ament_cmake' and name 'lifecycle'
[0.307s] Level 1:colcon.colcon_core.package_discovery:discover_packages(recursive) using defaults
[0.311s] Level 5:colcon.colcon_core.verb:set package 'lifecycle' build argument 'cmake_args' from command line to 'None'
[0.311s] Level 5:colcon.colcon_core.verb:set package 'lifecycle' build argument 'cmake_target' from command line to 'None'
[0.312s] Level 5:colcon.colcon_core.verb:set package 'lifecycle' build argument 'cmake_target_skip_unavailable' from command line to 'False'
[0.312s] Level 5:colcon.colcon_core.verb:set package 'lifecycle' build argument 'cmake_clean_cache' from command line to 'False'
[0.312s] Level 5:colcon.colcon_core.verb:set package 'lifecycle' build argument 'cmake_clean_first' from command line to 'False'
[0.312s] Level 5:colcon.colcon_core.verb:set package 'lifecycle' build argument 'cmake_force_configure' from command line to 'False'
[0.312s] Level 5:colcon.colcon_core.verb:set package 'lifecycle' build argument 'ament_cmake_args' from command line to 'None'
[0.312s] Level 5:colcon.colcon_core.verb:set package 'lifecycle' build argument 'catkin_cmake_args' from command line to 'None'
[0.312s] DEBUG:colcon.colcon_core.verb:Building package 'lifecycle' with the following arguments: {'ament_cmake_args': None, 'build_base': '/home/alaa/ros2_ws/src/ros2/demos/lifecycle/build/lifecycle', 'catkin_cmake_args': None, 'cmake_args': None, 'cmake_clean_cache': False, 'cmake_clean_first': False, 'cmake_force_configure': False, 'cmake_target': None, 'cmake_target_skip_unavailable': False, 'install_base': '/home/alaa/ros2_ws/src/ros2/demos/lifecycle/install/lifecycle', 'path': '/home/alaa/ros2_ws/src/ros2/demos/lifecycle', 'symlink_install': True, 'test_result_base': None}
[0.313s] INFO:colcon.colcon_core.executor:Executing jobs using 'parallel' executor
[0.314s] DEBUG:colcon.colcon_parallel_executor.executor.parallel:run_until_complete
[0.314s] INFO:colcon.colcon_ros.task.ament_cmake.build:Building ROS package in '/home/alaa/ros2_ws/src/ros2/demos/lifecycle' with build type 'ament_cmake'
[0.326s] INFO:colcon.colcon_core.plugin_system:Skipping extension 'colcon_core.shell.bat': Not used on non-Windows systems
[0.327s] INFO:colcon.colcon_cmake.task.cmake.build:Building CMake package in '/home/alaa/ros2_ws/src/ros2/demos/lifecycle'
[0.328s] INFO:colcon.colcon_core.shell:Skip shell extension 'powershell' for command environment: Not usable outside of PowerShell
[0.349s] DEBUG:colcon.colcon_core.event_handler.log_command:Invoking command in '/home/alaa/ros2_ws/src/ros2/demos/lifecycle/build/lifecycle': CMAKE_PREFIX_PATH=${CMAKE_PREFIX_PATH}:/home/alaa/ros2_ws/install/examples_rclpy_minimal_service:/home/alaa/ros2_ws/install/examples_rclpy_minimal_client:/home/alaa/ros2_ws/install/demo_nodes_py:/home/alaa/ros2_ws/install/ament_uncrustify:/home/alaa/ros2_ws/install/topic_monitor:/home/alaa/ros2_ws/install/rqt:/home/alaa/ros2_ws/install/test_launch_ros:/home/alaa/ros2_ws/install/examples_rclpy_minimal_subscriber:/home/alaa/ros2_ws/install/examples_rclpy_minimal_publisher:/home/alaa/ros2_ws/install/examples_rclpy_executors:/home/alaa/ros2_ws/install/sros2:/home/alaa/ros2_ws/install/rqt_gui_py:/home/alaa/ros2_ws/install/rqt_gui:/home/alaa/ros2_ws/install/ros2lifecycle:/home/alaa/ros2_ws/install/ros2service:/home/alaa/ros2_ws/install/ros2topic:/home/alaa/ros2_ws/install/ros2srv:/home/alaa/ros2_ws/install/ros2run:/home/alaa/ros2_ws/install/ros2launch:/home/alaa/ros2_ws/install/ros2pkg:/home/alaa/ros2_ws/install/ros2param:/home/alaa/ros2_ws/install/ros2node:/home/alaa/ros2_ws/install/ros2multicast:/home/alaa/ros2_ws/install/ros2msg:/home/alaa/ros2_ws/install/ros2cli:/home/alaa/ros2_ws/install/launch_ros:/home/alaa/ros2_ws/install/launch_testing:/home/alaa/ros2_ws/install/launch:/home/alaa/ros2_ws/install/osrf_pycommon:/home/alaa/ros2_ws/install/ament_xmllint:/home/alaa/ros2_ws/install/ament_pyflakes:/home/alaa/ros2_ws/install/ament_pep8:/home/alaa/ros2_ws/install/ament_pep257:/home/alaa/ros2_ws/install/ament_pclint:/home/alaa/ros2_ws/install/ament_package:/home/alaa/ros2_ws/install/ament_lint_cmake:/home/alaa/ros2_ws/install/ament_index_python:/home/alaa/ros2_ws/install/ament_flake8:/home/alaa/ros2_ws/install/ament_cpplint:/home/alaa/ros2_ws/install/ament_cppcheck:/home/alaa/ros2_ws/install/ament_copyright:/home/alaa/ros2_ws/install/ament_clang_format /usr/bin/cmake --build /home/alaa/ros2_ws/src/ros2/demos/lifecycle/build/lifecycle -- -j8 -l8
[2.798s] DEBUG:colcon.colcon_core.event_handler.log_command:Invoked command in '/home/alaa/ros2_ws/src/ros2/demos/lifecycle/build/lifecycle' returned '0': CMAKE_PREFIX_PATH=${CMAKE_PREFIX_PATH}:/home/alaa/ros2_ws/install/examples_rclpy_minimal_service:/home/alaa/ros2_ws/install/examples_rclpy_minimal_client:/home/alaa/ros2_ws/install/demo_nodes_py:/home/alaa/ros2_ws/install/ament_uncrustify:/home/alaa/ros2_ws/install/topic_monitor:/home/alaa/ros2_ws/install/rqt:/home/alaa/ros2_ws/install/test_launch_ros:/home/alaa/ros2_ws/install/examples_rclpy_minimal_subscriber:/home/alaa/ros2_ws/install/examples_rclpy_minimal_publisher:/home/alaa/ros2_ws/install/examples_rclpy_executors:/home/alaa/ros2_ws/install/sros2:/home/alaa/ros2_ws/install/rqt_gui_py:/home/alaa/ros2_ws/install/rqt_gui:/home/alaa/ros2_ws/install/ros2lifecycle:/home/alaa/ros2_ws/install/ros2service:/home/alaa/ros2_ws/install/ros2topic:/home/alaa/ros2_ws/install/ros2srv:/home/alaa/ros2_ws/install/ros2run:/home/alaa/ros2_ws/install/ros2launch:/home/alaa/ros2_ws/install/ros2pkg:/home/alaa/ros2_ws/install/ros2param:/home/alaa/ros2_ws/install/ros2node:/home/alaa/ros2_ws/install/ros2multicast:/home/alaa/ros2_ws/install/ros2msg:/home/alaa/ros2_ws/install/ros2cli:/home/alaa/ros2_ws/install/launch_ros:/home/alaa/ros2_ws/install/launch_testing:/home/alaa/ros2_ws/install/launch:/home/alaa/ros2_ws/install/osrf_pycommon:/home/alaa/ros2_ws/install/ament_xmllint:/home/alaa/ros2_ws/install/ament_pyflakes:/home/alaa/ros2_ws/install/ament_pep8:/home/alaa/ros2_ws/install/ament_pep257:/home/alaa/ros2_ws/install/ament_pclint:/home/alaa/ros2_ws/install/ament_package:/home/alaa/ros2_ws/install/ament_lint_cmake:/home/alaa/ros2_ws/install/ament_index_python:/home/alaa/ros2_ws/install/ament_flake8:/home/alaa/ros2_ws/install/ament_cpplint:/home/alaa/ros2_ws/install/ament_cppcheck:/home/alaa/ros2_ws/install/ament_copyright:/home/alaa/ros2_ws/install/ament_clang_format /usr/bin/cmake --build /home/alaa/ros2_ws/src/ros2/demos/lifecycle/build/lifecycle -- -j8 -l8
[2.910s] DEBUG:colcon.colcon_core.event_handler.log_command:Invoking command in '/home/alaa/ros2_ws/src/ros2/demos/lifecycle/build/lifecycle': CMAKE_PREFIX_PATH=${CMAKE_PREFIX_PATH}:/home/alaa/ros2_ws/install/examples_rclpy_minimal_service:/home/alaa/ros2_ws/install/examples_rclpy_minimal_client:/home/alaa/ros2_ws/install/demo_nodes_py:/home/alaa/ros2_ws/install/ament_uncrustify:/home/alaa/ros2_ws/install/topic_monitor:/home/alaa/ros2_ws/install/rqt:/home/alaa/ros2_ws/install/test_launch_ros:/home/alaa/ros2_ws/install/examples_rclpy_minimal_subscriber:/home/alaa/ros2_ws/install/examples_rclpy_minimal_publisher:/home/alaa/ros2_ws/install/examples_rclpy_executors:/home/alaa/ros2_ws/install/sros2:/home/alaa/ros2_ws/install/rqt_gui_py:/home/alaa/ros2_ws/install/rqt_gui:/home/alaa/ros2_ws/install/ros2lifecycle:/home/alaa/ros2_ws/install/ros2service:/home/alaa/ros2_ws/install/ros2topic:/home/alaa/ros2_ws/install/ros2srv:/home/alaa/ros2_ws/install/ros2run:/home/alaa/ros2_ws/install/ros2launch:/home/alaa/ros2_ws/install/ros2pkg:/home/alaa/ros2_ws/install/ros2param:/home/alaa/ros2_ws/install/ros2node:/home/alaa/ros2_ws/install/ros2multicast:/home/alaa/ros2_ws/install/ros2msg:/home/alaa/ros2_ws/install/ros2cli:/home/alaa/ros2_ws/install/launch_ros:/home/alaa/ros2_ws/install/launch_testing:/home/alaa/ros2_ws/install/launch:/home/alaa/ros2_ws/install/osrf_pycommon:/home/alaa/ros2_ws/install/ament_xmllint:/home/alaa/ros2_ws/install/ament_pyflakes:/home/alaa/ros2_ws/install/ament_pep8:/home/alaa/ros2_ws/install/ament_pep257:/home/alaa/ros2_ws/install/ament_pclint:/home/alaa/ros2_ws/install/ament_package:/home/alaa/ros2_ws/install/ament_lint_cmake:/home/alaa/ros2_ws/install/ament_index_python:/home/alaa/ros2_ws/install/ament_flake8:/home/alaa/ros2_ws/install/ament_cpplint:/home/alaa/ros2_ws/install/ament_cppcheck:/home/alaa/ros2_ws/install/ament_copyright:/home/alaa/ros2_ws/install/ament_clang_format /usr/bin/cmake --build /home/alaa/ros2_ws/src/ros2/demos/lifecycle/build/lifecycle --target install
[3.411s] Level 1:colcon.colcon_core.environment:create_environment_scripts()
[3.412s] DEBUG:colcon.colcon_core.event_handler.log_command:Invoked command in '/home/alaa/ros2_ws/src/ros2/demos/lifecycle/build/lifecycle' returned '0': CMAKE_PREFIX_PATH=${CMAKE_PREFIX_PATH}:/home/alaa/ros2_ws/install/examples_rclpy_minimal_service:/home/alaa/ros2_ws/install/examples_rclpy_minimal_client:/home/alaa/ros2_ws/install/demo_nodes_py:/home/alaa/ros2_ws/install/ament_uncrustify:/home/alaa/ros2_ws/install/topic_monitor:/home/alaa/ros2_ws/install/rqt:/home/alaa/ros2_ws/install/test_launch_ros:/home/alaa/ros2_ws/install/examples_rclpy_minimal_subscriber:/home/alaa/ros2_ws/install/examples_rclpy_minimal_publisher:/home/alaa/ros2_ws/install/examples_rclpy_executors:/home/alaa/ros2_ws/install/sros2:/home/alaa/ros2_ws/install/rqt_gui_py:/home/alaa/ros2_ws/install/rqt_gui:/home/alaa/ros2_ws/install/ros2lifecycle:/home/alaa/ros2_ws/install/ros2service:/home/alaa/ros2_ws/install/ros2topic:/home/alaa/ros2_ws/install/ros2srv:/home/alaa/ros2_ws/install/ros2run:/home/alaa/ros2_ws/install/ros2launch:/home/alaa/ros2_ws/install/ros2pkg:/home/alaa/ros2_ws/install/ros2param:/home/alaa/ros2_ws/install/ros2node:/home/alaa/ros2_ws/install/ros2multicast:/home/alaa/ros2_ws/install/ros2msg:/home/alaa/ros2_ws/install/ros2cli:/home/alaa/ros2_ws/install/launch_ros:/home/alaa/ros2_ws/install/launch_testing:/home/alaa/ros2_ws/install/launch:/home/alaa/ros2_ws/install/osrf_pycommon:/home/alaa/ros2_ws/install/ament_xmllint:/home/alaa/ros2_ws/install/ament_pyflakes:/home/alaa/ros2_ws/install/ament_pep8:/home/alaa/ros2_ws/install/ament_pep257:/home/alaa/ros2_ws/install/ament_pclint:/home/alaa/ros2_ws/install/ament_package:/home/alaa/ros2_ws/install/ament_lint_cmake:/home/alaa/ros2_ws/install/ament_index_python:/home/alaa/ros2_ws/install/ament_flake8:/home/alaa/ros2_ws/install/ament_cpplint:/home/alaa/ros2_ws/install/ament_cppcheck:/home/alaa/ros2_ws/install/ament_copyright:/home/alaa/ros2_ws/install/ament_clang_format /usr/bin/cmake --build /home/alaa/ros2_ws/src/ros2/demos/lifecycle/build/lifecycle --target install
[3.424s] Level 1:colcon.colcon_core.environment:checking '/home/alaa/ros2_ws/src/ros2/demos/lifecycle/install/lifecycle' for CMake module files
[3.425s] Level 1:colcon.colcon_core.environment:checking '/home/alaa/ros2_ws/src/ros2/demos/lifecycle/install/lifecycle' for CMake config files
[3.425s] Level 1:colcon.colcon_core.shell:create_environment_hook('lifecycle', 'cmake_prefix_path')
[3.426s] INFO:colcon.colcon_core.shell:Creating environment hook '/home/alaa/ros2_ws/src/ros2/demos/lifecycle/install/lifecycle/share/lifecycle/hook/cmake_prefix_path.ps1'
[3.427s] INFO:colcon.colcon_core.shell:Creating environment hook '/home/alaa/ros2_ws/src/ros2/demos/lifecycle/install/lifecycle/share/lifecycle/hook/cmake_prefix_path.sh'
[3.429s] Level 1:colcon.colcon_core.environment:checking '/home/alaa/ros2_ws/src/ros2/demos/lifecycle/install/lifecycle/lib'
[3.429s] Level 1:colcon.colcon_core.environment:checking '/home/alaa/ros2_ws/src/ros2/demos/lifecycle/install/lifecycle/bin'
[3.429s] Level 1:colcon.colcon_core.environment:checking '/home/alaa/ros2_ws/src/ros2/demos/lifecycle/install/lifecycle/lib/pkgconfig/lifecycle.pc'
[3.430s] Level 1:colcon.colcon_core.environment:checking '/home/alaa/ros2_ws/src/ros2/demos/lifecycle/install/lifecycle/lib/python3.6/site-packages'
[3.444s] INFO:colcon.colcon_core.shell:Creating package script '/home/alaa/ros2_ws/src/ros2/demos/lifecycle/install/lifecycle/share/lifecycle/package.ps1'
[3.446s] INFO:colcon.colcon_core.shell:Creating package script '/home/alaa/ros2_ws/src/ros2/demos/lifecycle/install/lifecycle/share/lifecycle/package.sh'
[3.448s] INFO:colcon.colcon_core.shell:Creating package script '/home/alaa/ros2_ws/src/ros2/demos/lifecycle/install/lifecycle/share/lifecycle/package.bash'
[3.449s] INFO:colcon.colcon_core.shell:Creating package script '/home/alaa/ros2_ws/src/ros2/demos/lifecycle/install/lifecycle/share/lifecycle/package.zsh'
[3.451s] DEBUG:colcon.colcon_parallel_executor.executor.parallel:closing loop
[3.452s] DEBUG:colcon.colcon_parallel_executor.executor.parallel:loop closed
[3.452s] DEBUG:colcon.colcon_parallel_executor.executor.parallel:run_until_complete finished with '0'
[3.452s] DEBUG:colcon.colcon_core.event_reactor:joining thread
[3.467s] INFO:colcon.colcon_core.plugin_system:Skipping extension 'colcon_notification.desktop_notification.terminal_notifier': Not used on non-Darwin systems
[3.467s] INFO:colcon.colcon_core.plugin_system:Skipping extension 'colcon_notification.desktop_notification.win32': Not used on non-Windows systems
[3.467s] INFO:colcon.colcon_notification.desktop_notification:Sending desktop notification using 'notify2'
[3.479s] DEBUG:colcon.colcon_core.event_reactor:joined thread
[3.480s] INFO:colcon.colcon_core.shell:Creating prefix script '/home/alaa/ros2_ws/src/ros2/demos/lifecycle/install/local_setup.ps1'
[3.482s] INFO:colcon.colcon_core.shell:Creating prefix chain script '/home/alaa/ros2_ws/src/ros2/demos/lifecycle/install/setup.ps1'
[3.483s] INFO:colcon.colcon_core.shell:Creating prefix script '/home/alaa/ros2_ws/src/ros2/demos/lifecycle/install/local_setup.sh'
[3.484s] INFO:colcon.colcon_core.shell:Creating prefix chain script '/home/alaa/ros2_ws/src/ros2/demos/lifecycle/install/setup.sh'
[3.485s] INFO:colcon.colcon_core.shell:Creating prefix script '/home/alaa/ros2_ws/src/ros2/demos/lifecycle/install/local_setup.bash'
[3.486s] INFO:colcon.colcon_core.shell:Creating prefix chain script '/home/alaa/ros2_ws/src/ros2/demos/lifecycle/install/setup.bash'
[3.486s] INFO:colcon.colcon_core.shell:Creating prefix script '/home/alaa/ros2_ws/src/ros2/demos/lifecycle/install/local_setup.zsh'
[3.487s] INFO:colcon.colcon_core.shell:Creating prefix chain script '/home/alaa/ros2_ws/src/ros2/demos/lifecycle/install/setup.zsh'
