In file included from [01m[K/home/alaa/ros2_ws/install/rclcpp/include/rclcpp/callback_group.hpp:26:0[m[K,
                 from [01m[K/home/alaa/ros2_ws/install/rclcpp/include/rclcpp/any_executable.hpp:20[m[K,
                 from [01m[K/home/alaa/ros2_ws/install/rclcpp/include/rclcpp/memory_strategy.hpp:24[m[K,
                 from [01m[K/home/alaa/ros2_ws/install/rclcpp/include/rclcpp/memory_strategies.hpp:18[m[K,
                 from [01m[K/home/alaa/ros2_ws/install/rclcpp/include/rclcpp/executor.hpp:32[m[K,
                 from [01m[K/home/alaa/ros2_ws/install/rclcpp/include/rclcpp/executors/multi_threaded_executor.hpp:24[m[K,
                 from [01m[K/home/alaa/ros2_ws/install/rclcpp/include/rclcpp/executors.hpp:21[m[K,
                 from [01m[K/home/alaa/ros2_ws/install/rclcpp/include/rclcpp/rclcpp.hpp:144[m[K,
                 from [01m[K/home/alaa/ros2_ws/src/ros2/demos/lifecycle/src/lifecycle_talker.cpp:23[m[K:
/home/alaa/ros2_ws/install/rclcpp/include/rclcpp/timer.hpp: In instantiation of ‘[01m[Kvoid rclcpp::GenericTimer<FunctorT, <anonymous> >::execute_callback_delegate() [with CallbackT = std::_Bind<void (LifecycleTalker::*(LifecycleTalker2*))()>; typename std::enable_if<rclcpp::function_traits::same_arguments<CallbackT, std::function<void()> >::value>::type* <anonymous> = 0; FunctorT = std::_Bind<void (LifecycleTalker::*(LifecycleTalker2*))()>; typename std::enable_if<(rclcpp::function_traits::same_arguments<FunctorT, std::function<void()> >::value || rclcpp::function_traits::same_arguments<FunctorT, std::function<void(rclcpp::TimerBase&)> >::value)>::type* <anonymous> = 0][m[K’:
[01m[K/home/alaa/ros2_ws/install/rclcpp/include/rclcpp/timer.hpp:145:32:[m[K   required from ‘[01m[Kvoid rclcpp::GenericTimer<FunctorT, <anonymous> >::execute_callback() [with FunctorT = std::_Bind<void (LifecycleTalker::*(LifecycleTalker2*))()>; typename std::enable_if<(rclcpp::function_traits::same_arguments<FunctorT, std::function<void()> >::value || rclcpp::function_traits::same_arguments<FunctorT, std::function<void(rclcpp::TimerBase&)> >::value)>::type* <anonymous> = 0][m[K’
[01m[K/home/alaa/ros2_ws/src/ros2/demos/lifecycle/src/lifecycle_talker.cpp:534:1:[m[K   required from here
[01m[K/home/alaa/ros2_ws/install/rclcpp/include/rclcpp/timer.hpp:158:5:[m[K [01;31m[Kerror: [m[Kno match for call to ‘[01m[K(std::_Bind<void (LifecycleTalker::*(LifecycleTalker2*))()>) ()[m[K’
     [01;31m[Kcallback_[m[K();
     [01;31m[K^~~~~~~~~[m[K
In file included from [01m[K/home/alaa/ros2_ws/install/rclcpp/include/rclcpp/context.hpp:19:0[m[K,
                 from [01m[K/home/alaa/ros2_ws/install/rclcpp/include/rclcpp/contexts/default_context.hpp:18[m[K,
                 from [01m[K/home/alaa/ros2_ws/install/rclcpp/include/rclcpp/executor.hpp:31[m[K,
                 from [01m[K/home/alaa/ros2_ws/install/rclcpp/include/rclcpp/executors/multi_threaded_executor.hpp:24[m[K,
                 from [01m[K/home/alaa/ros2_ws/install/rclcpp/include/rclcpp/executors.hpp:21[m[K,
                 from [01m[K/home/alaa/ros2_ws/install/rclcpp/include/rclcpp/rclcpp.hpp:144[m[K,
                 from [01m[K/home/alaa/ros2_ws/src/ros2/demos/lifecycle/src/lifecycle_talker.cpp:23[m[K:
[01m[K/usr/include/c++/7/functional:547:2:[m[K [01;36m[Knote: [m[Kcandidate: template<class ... _Args, class _Result> _Result std::_Bind<_Functor(_Bound_args ...)>::operator()(_Args&& ...) [with _Args = {_Args ...}; _Result = _Result; _Functor = void (LifecycleTalker::*)(); _Bound_args = {LifecycleTalker2*}]
  [01;36m[Koperator[m[K()(_Args&&... __args)
  [01;36m[K^~~~~~~~[m[K
[01m[K/usr/include/c++/7/functional:547:2:[m[K [01;36m[Knote: [m[K  template argument deduction/substitution failed:
[01m[K/usr/include/c++/7/functional:558:2:[m[K [01;36m[Knote: [m[Kcandidate: template<class ... _Args, class _Result> _Result std::_Bind<_Functor(_Bound_args ...)>::operator()(_Args&& ...) const [with _Args = {_Args ...}; _Result = _Result; _Functor = void (LifecycleTalker::*)(); _Bound_args = {LifecycleTalker2*}]
  [01;36m[Koperator[m[K()(_Args&&... __args) const
  [01;36m[K^~~~~~~~[m[K
[01m[K/usr/include/c++/7/functional:558:2:[m[K [01;36m[Knote: [m[K  template argument deduction/substitution failed:
[01m[K/usr/include/c++/7/functional:576:2:[m[K [01;36m[Knote: [m[Kcandidate: template<class ... _Args, class _Result> _Result std::_Bind<_Functor(_Bound_args ...)>::operator()(_Args&& ...) volatile [with _Args = {_Args ...}; _Result = _Result; _Functor = void (LifecycleTalker::*)(); _Bound_args = {LifecycleTalker2*}]
  [01;36m[Koperator[m[K()(_Args&&... __args) volatile
  [01;36m[K^~~~~~~~[m[K
[01m[K/usr/include/c++/7/functional:576:2:[m[K [01;36m[Knote: [m[K  template argument deduction/substitution failed:
[01m[K/usr/include/c++/7/functional:588:2:[m[K [01;36m[Knote: [m[Kcandidate: template<class ... _Args, class _Result> _Result std::_Bind<_Functor(_Bound_args ...)>::operator()(_Args&& ...) const volatile [with _Args = {_Args ...}; _Result = _Result; _Functor = void (LifecycleTalker::*)(); _Bound_args = {LifecycleTalker2*}]
  [01;36m[Koperator[m[K()(_Args&&... __args) const volatile
  [01;36m[K^~~~~~~~[m[K
[01m[K/usr/include/c++/7/functional:588:2:[m[K [01;36m[Knote: [m[K  template argument deduction/substitution failed:
make[2]: *** [CMakeFiles/lifecycle_talker.dir/src/lifecycle_talker.cpp.o] Error 1
make[1]: *** [CMakeFiles/lifecycle_talker.dir/all] Error 2
make[1]: *** Waiting for unfinished jobs....
make: *** [all] Error 2
